<?xml version="1.0" encoding="UTF-8"?>
<testng-results ignored="0" total="2" passed="2" failed="0" skipped="0">
  <reporter-output>
  </reporter-output>
  <suite started-at="2023-05-12T00:17:48 PDT" name="Default suite" finished-at="2023-05-12T00:17:51 PDT" duration-ms="3313">
    <groups>
    </groups>
    <test started-at="2023-05-12T00:17:48 PDT" name="Default test" finished-at="2023-05-12T00:17:51 PDT" duration-ms="3313">
      <class name="Git.AddUser">
        <test-method signature="CreateUser1()[pri:0, instance:Git.AddUser@201a4587]" started-at="2023-05-12T00:17:48 PDT" name="CreateUser1" finished-at="2023-05-12T00:17:51 PDT" duration-ms="3133" status="PASS">
          <reporter-output>
          </reporter-output>
        </test-method> <!-- CreateUser1 -->
        <test-method signature="CreateUser2()[pri:0, instance:Git.AddUser@201a4587]" started-at="2023-05-12T00:17:51 PDT" name="CreateUser2" finished-at="2023-05-12T00:17:51 PDT" duration-ms="81" status="PASS">
          <reporter-output>
          </reporter-output>
        </test-method> <!-- CreateUser2 -->
      </class> <!-- Git.AddUser -->
    </test> <!-- Default test -->
  </suite> <!-- Default suite -->
</testng-results>
