<?xml version="1.0" encoding="UTF-8"?>
<testng-results ignored="0" total="1" passed="1" failed="0" skipped="0">
  <reporter-output>
  </reporter-output>
  <suite started-at="2023-05-12T00:00:59 PDT" name="Default suite" finished-at="2023-05-12T00:01:04 PDT" duration-ms="4489">
    <groups>
    </groups>
    <test started-at="2023-05-12T00:00:59 PDT" name="Default test" finished-at="2023-05-12T00:01:04 PDT" duration-ms="4489">
      <class name="Git.AddUser">
        <test-method signature="CreateUser()[pri:0, instance:Git.AddUser@47e2e487]" started-at="2023-05-12T00:00:59 PDT" name="CreateUser" finished-at="2023-05-12T00:01:04 PDT" duration-ms="4406" status="PASS">
          <reporter-output>
          </reporter-output>
        </test-method> <!-- CreateUser -->
      </class> <!-- Git.AddUser -->
    </test> <!-- Default test -->
  </suite> <!-- Default suite -->
</testng-results>
